<?xml version="1.0" encoding="UTF-8"?>
<testsuite name="test_transfer_request_tests.TestTransferRequestTest-20250423170414" tests="4" file="test_transfer_request_tests.py" time="0.201" timestamp="2025-04-23T17:04:15" failures="0" errors="0" skipped="0">
	<testcase classname="test_transfer_request_tests.TestTransferRequestTest" name="test_duplicated_transfer_test" time="0.013" timestamp="2025-04-23T17:04:15"/>
	<testcase classname="test_transfer_request_tests.TestTransferRequestTest" name="test_parametrized_cases_tests" time="0.177" timestamp="2025-04-23T17:04:15"/>
	<testcase classname="test_transfer_request_tests.TestTransferRequestTest" name="test_transfer_for_today" time="0.005" timestamp="2025-04-23T17:04:15"/>
	<testcase classname="test_transfer_request_tests.TestTransferRequestTest" name="test_transfer_yesterday_test" time="0.005" timestamp="2025-04-23T17:04:15"/>
</testsuite>
