<?xml version="1.0" encoding="UTF-8"?>
<testsuite name="test_transfer_request_tests.TestTransferRequestTest-20250424125807" tests="4" file="test_transfer_request_tests.py" time="0.183" timestamp="2025-04-24T12:58:07" failures="0" errors="0" skipped="0">
	<testcase classname="test_transfer_request_tests.TestTransferRequestTest" name="test_duplicated_transfer_test" time="0.005" timestamp="2025-04-24T12:58:07"/>
	<testcase classname="test_transfer_request_tests.TestTransferRequestTest" name="test_parametrized_cases_tests" time="0.170" timestamp="2025-04-24T12:58:07"/>
	<testcase classname="test_transfer_request_tests.TestTransferRequestTest" name="test_transfer_for_today" time="0.004" timestamp="2025-04-24T12:58:07"/>
	<testcase classname="test_transfer_request_tests.TestTransferRequestTest" name="test_transfer_yesterday_test" time="0.004" timestamp="2025-04-24T12:58:07"/>
</testsuite>
