<?xml version="1.0" encoding="UTF-8"?>
<testsuite name="test_deposit_tests.TestDepositIntoAccountTests-20250424125807" tests="1" file="test_deposit_tests.py" time="0.230" timestamp="2025-04-24T12:58:07" failures="0" errors="0" skipped="0">
	<testcase classname="test_deposit_tests.TestDepositIntoAccountTests" name="test_parametrized_cases" time="0.230" timestamp="2025-04-24T12:58:07"/>
</testsuite>
