<?xml version="1.0" encoding="UTF-8"?>
<testsuite name="test_calculate_balance_tests.TestCalculateBalance-20250424144732" tests="7" file="test_calculate_balance_tests.py" time="0.012" timestamp="2025-04-24T14:47:33" failures="0" errors="0" skipped="0">
	<testcase classname="test_calculate_balance_tests.TestCalculateBalance" name="test_balance_file_not_json" time="0.005" timestamp="2025-04-24T14:47:33"/>
	<testcase classname="test_calculate_balance_tests.TestCalculateBalance" name="test_calculate_balance_1" time="0.004" timestamp="2025-04-24T14:47:33"/>
	<testcase classname="test_calculate_balance_tests.TestCalculateBalance" name="test_file_iban_not_found" time="0.001" timestamp="2025-04-24T14:47:33"/>
	<testcase classname="test_calculate_balance_tests.TestCalculateBalance" name="test_file_not_found" time="0.001" timestamp="2025-04-24T14:47:33"/>
	<testcase classname="test_calculate_balance_tests.TestCalculateBalance" name="test_file_not_json" time="0.001" timestamp="2025-04-24T14:47:33"/>
	<testcase classname="test_calculate_balance_tests.TestCalculateBalance" name="test_file_skip_loop" time="0.001" timestamp="2025-04-24T14:47:33"/>
	<testcase classname="test_calculate_balance_tests.TestCalculateBalance" name="test_file_wrong_iban_number" time="0.000" timestamp="2025-04-24T14:47:33"/>
</testsuite>
