<?xml version="1.0" encoding="UTF-8"?>
<testsuite name="test_calculate_balance_tests.TestCalculateBalance-20250424143409" tests="7" file="test_calculate_balance_tests.py" time="0.008" timestamp="2025-04-24T14:34:10" failures="0" errors="0" skipped="0">
	<testcase classname="test_calculate_balance_tests.TestCalculateBalance" name="test_balance_file_not_json" time="0.002" timestamp="2025-04-24T14:34:10"/>
	<testcase classname="test_calculate_balance_tests.TestCalculateBalance" name="test_calculate_balance_1" time="0.004" timestamp="2025-04-24T14:34:10"/>
	<testcase classname="test_calculate_balance_tests.TestCalculateBalance" name="test_file_iban_not_found" time="0.001" timestamp="2025-04-24T14:34:10"/>
	<testcase classname="test_calculate_balance_tests.TestCalculateBalance" name="test_file_not_found" time="0.001" timestamp="2025-04-24T14:34:10"/>
	<testcase classname="test_calculate_balance_tests.TestCalculateBalance" name="test_file_not_json" time="0.001" timestamp="2025-04-24T14:34:10"/>
	<testcase classname="test_calculate_balance_tests.TestCalculateBalance" name="test_file_skip_loop" time="0.001" timestamp="2025-04-24T14:34:10"/>
	<testcase classname="test_calculate_balance_tests.TestCalculateBalance" name="test_file_wrong_iban_number" time="0.000" timestamp="2025-04-24T14:34:10"/>
</testsuite>
