<?xml version="1.0" encoding="UTF-8"?>
<testsuite name="test_transfer_request_tests.TestTransferRequestTest-20250424145211" tests="4" file="test_transfer_request_tests.py" time="0.248" timestamp="2025-04-24T14:52:12" failures="0" errors="0" skipped="0">
	<testcase classname="test_transfer_request_tests.TestTransferRequestTest" name="test_duplicated_transfer_test" time="0.009" timestamp="2025-04-24T14:52:12"/>
	<testcase classname="test_transfer_request_tests.TestTransferRequestTest" name="test_parametrized_cases_tests" time="0.226" timestamp="2025-04-24T14:52:12"/>
	<testcase classname="test_transfer_request_tests.TestTransferRequestTest" name="test_transfer_for_today" time="0.007" timestamp="2025-04-24T14:52:12"/>
	<testcase classname="test_transfer_request_tests.TestTransferRequestTest" name="test_transfer_yesterday_test" time="0.006" timestamp="2025-04-24T14:52:12"/>
</testsuite>
