<?xml version="1.0" encoding="UTF-8"?>
<testsuite name="test_transfer_request_tests.TestTransferRequestTest-20250424145608" tests="4" file="test_transfer_request_tests.py" time="0.235" timestamp="2025-04-24T14:56:09" failures="0" errors="0" skipped="0">
	<testcase classname="test_transfer_request_tests.TestTransferRequestTest" name="test_duplicated_transfer_test" time="0.006" timestamp="2025-04-24T14:56:09"/>
	<testcase classname="test_transfer_request_tests.TestTransferRequestTest" name="test_parametrized_cases_tests" time="0.220" timestamp="2025-04-24T14:56:09"/>
	<testcase classname="test_transfer_request_tests.TestTransferRequestTest" name="test_transfer_for_today" time="0.004" timestamp="2025-04-24T14:56:09"/>
	<testcase classname="test_transfer_request_tests.TestTransferRequestTest" name="test_transfer_yesterday_test" time="0.005" timestamp="2025-04-24T14:56:09"/>
</testsuite>
